<?xml version="1.0" encoding="UTF-8"?>
<!-- Generated by org.testng.reporters.JUnitReportReporter -->
<testsuite skipped="0" hostname="DESKTOP-DTEVS64" name="testng.Testng_Test" tests="9" failures="0" timestamp="13 Nov 2017 17:01:17 GMT" time="41.930" errors="0">
  <testcase name="launch" time="7.897" classname="testng.Testng_Test"/>
  <testcase name="launch" time="7.970" classname="testng.Testng_Test"/>
  <testcase name="launch" time="8.962" classname="testng.Testng_Test"/>
  <testcase name="useridtest" time="3.572" classname="testng.Testng_Test"/>
  <testcase name="useridtest" time="3.377" classname="testng.Testng_Test"/>
  <testcase name="useridtest" time="3.668" classname="testng.Testng_Test"/>
  <testcase name="close" time="2.146" classname="testng.Testng_Test"/>
  <testcase name="close" time="2.143" classname="testng.Testng_Test"/>
  <testcase name="close" time="2.195" classname="testng.Testng_Test"/>
</testsuite> <!-- testng.Testng_Test -->
